Performing C SOURCE FILE Test CMAKE_HAVE_LIBC_PTHREAD failed with the following output:
Change Dir: /home/duda/project/needle/build/CMakeFiles/CMakeTmp

Run Build Command(s):/usr/bin/make cmTC_5b796/fast && make[1]: Entering directory '/home/duda/project/needle/build/CMakeFiles/CMakeTmp'
/usr/bin/make -f CMakeFiles/cmTC_5b796.dir/build.make CMakeFiles/cmTC_5b796.dir/build
make[2]: Entering directory '/home/duda/project/needle/build/CMakeFiles/CMakeTmp'
Building C object CMakeFiles/cmTC_5b796.dir/src.c.o
/usr/bin/cc   -fPIC -DCMAKE_HAVE_LIBC_PTHREAD   -o CMakeFiles/cmTC_5b796.dir/src.c.o   -c /home/duda/project/needle/build/CMakeFiles/CMakeTmp/src.c
Linking C executable cmTC_5b796
/usr/bin/cmake -E cmake_link_script CMakeFiles/cmTC_5b796.dir/link.txt --verbose=1
/usr/bin/cc -fPIC -DCMAKE_HAVE_LIBC_PTHREAD    -rdynamic CMakeFiles/cmTC_5b796.dir/src.c.o  -o cmTC_5b796 
/usr/bin/ld: CMakeFiles/cmTC_5b796.dir/src.c.o: in function `main':
src.c:(.text+0x46): undefined reference to `pthread_create'
/usr/bin/ld: src.c:(.text+0x52): undefined reference to `pthread_detach'
/usr/bin/ld: src.c:(.text+0x63): undefined reference to `pthread_join'
collect2: error: ld returned 1 exit status
make[2]: *** [CMakeFiles/cmTC_5b796.dir/build.make:87: cmTC_5b796] Error 1
make[2]: Leaving directory '/home/duda/project/needle/build/CMakeFiles/CMakeTmp'
make[1]: *** [Makefile:121: cmTC_5b796/fast] Error 2
make[1]: Leaving directory '/home/duda/project/needle/build/CMakeFiles/CMakeTmp'


Source file was:
#include <pthread.h>

void* test_func(void* data)
{
  return data;
}

int main(void)
{
  pthread_t thread;
  pthread_create(&thread, NULL, test_func, NULL);
  pthread_detach(thread);
  pthread_join(thread, NULL);
  pthread_atfork(NULL, NULL, NULL);
  pthread_exit(NULL);

  return 0;
}

Determining if the function pthread_create exists in the pthreads failed with the following output:
Change Dir: /home/duda/project/needle/build/CMakeFiles/CMakeTmp

Run Build Command(s):/usr/bin/make cmTC_de04a/fast && make[1]: Entering directory '/home/duda/project/needle/build/CMakeFiles/CMakeTmp'
/usr/bin/make -f CMakeFiles/cmTC_de04a.dir/build.make CMakeFiles/cmTC_de04a.dir/build
make[2]: Entering directory '/home/duda/project/needle/build/CMakeFiles/CMakeTmp'
Building C object CMakeFiles/cmTC_de04a.dir/CheckFunctionExists.c.o
/usr/bin/cc   -fPIC -DCHECK_FUNCTION_EXISTS=pthread_create   -o CMakeFiles/cmTC_de04a.dir/CheckFunctionExists.c.o   -c /usr/share/cmake-3.16/Modules/CheckFunctionExists.c
Linking C executable cmTC_de04a
/usr/bin/cmake -E cmake_link_script CMakeFiles/cmTC_de04a.dir/link.txt --verbose=1
/usr/bin/cc -fPIC -DCHECK_FUNCTION_EXISTS=pthread_create    -rdynamic CMakeFiles/cmTC_de04a.dir/CheckFunctionExists.c.o  -o cmTC_de04a  -lpthreads 
/usr/bin/ld: cannot find -lpthreads
collect2: error: ld returned 1 exit status
make[2]: *** [CMakeFiles/cmTC_de04a.dir/build.make:87: cmTC_de04a] Error 1
make[2]: Leaving directory '/home/duda/project/needle/build/CMakeFiles/CMakeTmp'
make[1]: *** [Makefile:121: cmTC_de04a/fast] Error 2
make[1]: Leaving directory '/home/duda/project/needle/build/CMakeFiles/CMakeTmp'



